<?xml version="1.0" encoding="UTF-8"?>
<testsuite name="edu.touro.mco152.bm.UtilTest" tests="6" skipped="0" failures="0" errors="0" timestamp="2026-05-19T02:27:16.212Z" hostname="Davids-MacBook-Air.local" time="0.021">
  <properties/>
  <testcase name="randInt_MinGreaterThanMax_ThrowsIllegalArgument()" classname="edu.touro.mco152.bm.UtilTest" time="0.001"/>
  <testcase name="[1] 1.5, 1.5" classname="edu.touro.mco152.bm.UtilTest" time="0.006"/>
  <testcase name="[2] 100.0, 100" classname="edu.touro.mco152.bm.UtilTest" time="0.0"/>
  <testcase name="[3] 1234.567, 1234.57" classname="edu.touro.mco152.bm.UtilTest" time="0.001"/>
  <testcase name="randInt_MinEqualsMax_AlwaysReturnsMin()" classname="edu.touro.mco152.bm.UtilTest" time="0.0"/>
  <testcase name="randInt_ResultAlwaysWithinRange()" classname="edu.touro.mco152.bm.UtilTest" time="0.003"/>
  <system-out><![CDATA[]]></system-out>
  <system-err><![CDATA[]]></system-err>
</testsuite>
