<?xml version="1.0" encoding="UTF-8"?>
<testsuite name="edu.touro.mco152.bm.SimpleTest" tests="7" skipped="0" failures="0" errors="0" timestamp="2026-05-19T02:27:16.208Z" hostname="Davids-MacBook-Air.local" time="0.004">
  <properties/>
  <testcase name="oneSquared()" classname="edu.touro.mco152.bm.SimpleTest" time="0.0"/>
  <testcase name="[1] 1" classname="edu.touro.mco152.bm.SimpleTest" time="0.0"/>
  <testcase name="[2] 3" classname="edu.touro.mco152.bm.SimpleTest" time="0.0"/>
  <testcase name="[3] 5" classname="edu.touro.mco152.bm.SimpleTest" time="0.0"/>
  <testcase name="[4] -3" classname="edu.touro.mco152.bm.SimpleTest" time="0.0"/>
  <testcase name="[5] 15" classname="edu.touro.mco152.bm.SimpleTest" time="0.0"/>
  <testcase name="[6] 2147483647" classname="edu.touro.mco152.bm.SimpleTest" time="0.0"/>
  <system-out><![CDATA[]]></system-out>
  <system-err><![CDATA[]]></system-err>
</testsuite>
